Archive Project report for soc_system
Tue Sep 29 23:54:14 2020
Quartus Prime Version 17.0.0 Build 595 04/25/2017 SJ Standard Edition


---------------------
; Table of Contents ;
---------------------
  1. Legal Notice
  2. Archive Project Summary
  3. Archive Project Messages
  4. Files Archived



----------------
; Legal Notice ;
----------------
Copyright (C) 2017  Intel Corporation. All rights reserved.
Your use of Intel Corporation's design tools, logic functions 
and other software and tools, and its AMPP partner logic 
functions, and any output files from any of the foregoing 
(including device programming or simulation files), and any 
associated documentation or information are expressly subject 
to the terms and conditions of the Intel Program License 
Subscription Agreement, the Intel Quartus Prime License Agreement,
the Intel MegaCore Function License Agreement, or other 
applicable license agreement, including, without limitation, 
that your use is for the sole purpose of programming logic 
devices manufactured by Intel and sold by Intel or its 
authorized distributors.  Please refer to the applicable 
agreement for further details.



+----------------------------------------------------------------+
; Archive Project Summary                                        ;
+------------------------+---------------------------------------+
; Archive Project Status ; Successful - Tue Sep 29 23:54:14 2020 ;
; Revision Name          ; soc_system                            ;
; Top-level Entity Name  ; ghrd_top                              ;
; Family                 ; Cyclone V                             ;
+------------------------+---------------------------------------+


+--------------------------+
; Archive Project Messages ;
+--------------------------+
Info: File Set 'Custom' contains:
    Info: Programming output files
    Info: Automatically detected source files
    Info: Report files
    Info: Project source and settings files
Info: Archive will store files relative to the closest common parent directory
Info (13213): Using common directory S:/cv_chameleon96-ghrd/
Info: ----------------------------------------------------------
Info: ----------------------------------------------------------
Info: Generated archive 'S:/cv_chameleon96-ghrd/cv_chameleon96-ghrd.qar'
Info: ----------------------------------------------------------
Info: ----------------------------------------------------------
Info: Generated report 'soc_system.archive.rpt'
Info (23030): Evaluation of Tcl script c:/intelfpga/17.0/quartus/common/tcl/apps/qpm/qar.tcl was successful
Info: Quartus Prime Shell was successful. 0 errors, 0 warnings
    Info: Peak virtual memory: 4977 megabytes
    Info: Processing ended: Tue Sep 29 23:54:14 2020
    Info: Elapsed time: 00:00:15
    Info: Total CPU time (on all processors): 00:00:14


+-----------------------------------------------------------------------------------------------------------------------------+
; Files Archived                                                                                                              ;
+-----------------------------------------------------------------------------------------------------------------------------+
; File Name                                                                                                                   ;
+-----------------------------------------------------------------------------------------------------------------------------+
; c:/intelfpga/17.0/quartus/bin64/assignment_defaults.qdf                                                                     ;
; ghrd_top.v                                                                                                                  ;
; ip/altsource_probe/hps_reset.qip                                                                                            ;
; ip/altsource_probe/hps_reset.v                                                                                              ;
; ip/altsource_probe/hps_reset_bb.v                                                                                           ;
; ip/edge_detect/altera_edge_detector.v                                                                                       ;
; output_files/soc_system.asm.rpt                                                                                             ;
; output_files/soc_system.fit.rpt                                                                                             ;
; output_files/soc_system.fit.smsg                                                                                            ;
; output_files/soc_system.fit.summary                                                                                         ;
; output_files/soc_system.flow.rpt                                                                                            ;
; output_files/soc_system.jdi                                                                                                 ;
; output_files/soc_system.map.rpt                                                                                             ;
; output_files/soc_system.map.smsg                                                                                            ;
; output_files/soc_system.map.summary                                                                                         ;
; output_files/soc_system.pin                                                                                                 ;
; output_files/soc_system.rbf                                                                                                 ;
; output_files/soc_system.sld                                                                                                 ;
; output_files/soc_system.sof                                                                                                 ;
; output_files/soc_system.sta.rpt                                                                                             ;
; output_files/soc_system.sta.summary                                                                                         ;
; soc_system.qpf                                                                                                              ;
; soc_system.qsf                                                                                                              ;
; soc_system.sopcinfo                                                                                                         ;
; soc_system/synthesis/../../soc_system.qsys                                                                                  ;
; soc_system/synthesis/../../soc_system.sopcinfo                                                                              ;
; soc_system/synthesis/../soc_system.cmp                                                                                      ;
; soc_system/synthesis/soc_system.debuginfo                                                                                   ;
; soc_system/synthesis/soc_system.qip                                                                                         ;
; soc_system/synthesis/soc_system.regmap                                                                                      ;
; soc_system/synthesis/soc_system.v                                                                                           ;
; soc_system/synthesis/soc_system_hps_0_hps.svd                                                                               ;
; soc_system/synthesis/submodules/alt_vip_cvo_core.sdc                                                                        ;
; soc_system/synthesis/submodules/alt_vipvfr131_common_avalon_mm_bursting_master_fifo.vhd                                     ;
; soc_system/synthesis/submodules/alt_vipvfr131_common_avalon_mm_master.v                                                     ;
; soc_system/synthesis/submodules/alt_vipvfr131_common_avalon_mm_slave.v                                                      ;
; soc_system/synthesis/submodules/alt_vipvfr131_common_fifo_usedw_calculator.vhd                                              ;
; soc_system/synthesis/submodules/alt_vipvfr131_common_general_fifo.vhd                                                       ;
; soc_system/synthesis/submodules/alt_vipvfr131_common_gray_clock_crosser.vhd                                                 ;
; soc_system/synthesis/submodules/alt_vipvfr131_common_logic_fifo.vhd                                                         ;
; soc_system/synthesis/submodules/alt_vipvfr131_common_one_bit_delay.vhd                                                      ;
; soc_system/synthesis/submodules/alt_vipvfr131_common_package.vhd                                                            ;
; soc_system/synthesis/submodules/alt_vipvfr131_common_pulling_width_adapter.vhd                                              ;
; soc_system/synthesis/submodules/alt_vipvfr131_common_ram_fifo.vhd                                                           ;
; soc_system/synthesis/submodules/alt_vipvfr131_common_std_logic_vector_delay.vhd                                             ;
; soc_system/synthesis/submodules/alt_vipvfr131_common_stream_output.v                                                        ;
; soc_system/synthesis/submodules/alt_vipvfr131_common_unpack_data.v                                                          ;
; soc_system/synthesis/submodules/alt_vipvfr131_prc.v                                                                         ;
; soc_system/synthesis/submodules/alt_vipvfr131_prc_core.v                                                                    ;
; soc_system/synthesis/submodules/alt_vipvfr131_prc_read_master.v                                                             ;
; soc_system/synthesis/submodules/alt_vipvfr131_vfr.sdc                                                                       ;
; soc_system/synthesis/submodules/alt_vipvfr131_vfr.v                                                                         ;
; soc_system/synthesis/submodules/alt_vipvfr131_vfr_control_packet_encoder.v                                                  ;
; soc_system/synthesis/submodules/alt_vipvfr131_vfr_controller.v                                                              ;
; soc_system/synthesis/submodules/altdq_dqs2_acv_connect_to_hard_phy_cyclonev.sv                                              ;
; soc_system/synthesis/submodules/altera_avalon_mm_bridge.v                                                                   ;
; soc_system/synthesis/submodules/altera_avalon_packets_to_master.v                                                           ;
; soc_system/synthesis/submodules/altera_avalon_sc_fifo.v                                                                     ;
; soc_system/synthesis/submodules/altera_avalon_st_bytes_to_packets.v                                                         ;
; soc_system/synthesis/submodules/altera_avalon_st_clock_crosser.v                                                            ;
; soc_system/synthesis/submodules/altera_avalon_st_handshake_clock_crosser.sdc                                                ;
; soc_system/synthesis/submodules/altera_avalon_st_handshake_clock_crosser.v                                                  ;
; soc_system/synthesis/submodules/altera_avalon_st_idle_inserter.v                                                            ;
; soc_system/synthesis/submodules/altera_avalon_st_idle_remover.v                                                             ;
; soc_system/synthesis/submodules/altera_avalon_st_jtag_interface.sdc                                                         ;
; soc_system/synthesis/submodules/altera_avalon_st_jtag_interface.v                                                           ;
; soc_system/synthesis/submodules/altera_avalon_st_packets_to_bytes.v                                                         ;
; soc_system/synthesis/submodules/altera_avalon_st_pipeline_base.v                                                            ;
; soc_system/synthesis/submodules/altera_avalon_st_pipeline_stage.sv                                                          ;
; soc_system/synthesis/submodules/altera_default_burst_converter.sv                                                           ;
; soc_system/synthesis/submodules/altera_incr_burst_converter.sv                                                              ;
; soc_system/synthesis/submodules/altera_jtag_dc_streaming.v                                                                  ;
; soc_system/synthesis/submodules/altera_jtag_sld_node.v                                                                      ;
; soc_system/synthesis/submodules/altera_jtag_streaming.v                                                                     ;
; soc_system/synthesis/submodules/altera_mem_if_dll_cyclonev.sv                                                               ;
; soc_system/synthesis/submodules/altera_mem_if_hard_memory_controller_top_cyclonev.sv                                        ;
; soc_system/synthesis/submodules/altera_mem_if_hhp_qseq_synth_top.v                                                          ;
; soc_system/synthesis/submodules/altera_mem_if_oct_cyclonev.sv                                                               ;
; soc_system/synthesis/submodules/altera_merlin_address_alignment.sv                                                          ;
; soc_system/synthesis/submodules/altera_merlin_arbitrator.sv                                                                 ;
; soc_system/synthesis/submodules/altera_merlin_axi_master_ni.sv                                                              ;
; soc_system/synthesis/submodules/altera_merlin_axi_slave_ni.sv                                                               ;
; soc_system/synthesis/submodules/altera_merlin_burst_adapter.sv                                                              ;
; soc_system/synthesis/submodules/altera_merlin_burst_adapter_13_1.sv                                                         ;
; soc_system/synthesis/submodules/altera_merlin_burst_adapter_new.sv                                                          ;
; soc_system/synthesis/submodules/altera_merlin_burst_adapter_uncmpr.sv                                                       ;
; soc_system/synthesis/submodules/altera_merlin_burst_uncompressor.sv                                                         ;
; soc_system/synthesis/submodules/altera_merlin_master_agent.sv                                                               ;
; soc_system/synthesis/submodules/altera_merlin_master_translator.sv                                                          ;
; soc_system/synthesis/submodules/altera_merlin_reorder_memory.sv                                                             ;
; soc_system/synthesis/submodules/altera_merlin_slave_agent.sv                                                                ;
; soc_system/synthesis/submodules/altera_merlin_slave_translator.sv                                                           ;
; soc_system/synthesis/submodules/altera_merlin_traffic_limiter.sv                                                            ;
; soc_system/synthesis/submodules/altera_merlin_width_adapter.sv                                                              ;
; soc_system/synthesis/submodules/altera_reset_controller.sdc                                                                 ;
; soc_system/synthesis/submodules/altera_reset_controller.v                                                                   ;
; soc_system/synthesis/submodules/altera_reset_synchronizer.v                                                                 ;
; soc_system/synthesis/submodules/altera_std_synchronizer_nocut.v                                                             ;
; soc_system/synthesis/submodules/altera_wrap_burst_converter.sv                                                              ;
; soc_system/synthesis/submodules/common/alt_vip_common_pkg.sv                                                                ;
; soc_system/synthesis/submodules/hps.pre.xml                                                                                 ;
; soc_system/synthesis/submodules/hps_AC_ROM.hex                                                                              ;
; soc_system/synthesis/submodules/hps_inst_ROM.hex                                                                            ;
; soc_system/synthesis/submodules/hps_sdram.v                                                                                 ;
; soc_system/synthesis/submodules/hps_sdram_p0.ppf                                                                            ;
; soc_system/synthesis/submodules/hps_sdram_p0.sdc                                                                            ;
; soc_system/synthesis/submodules/hps_sdram_p0.sv                                                                             ;
; soc_system/synthesis/submodules/hps_sdram_p0_acv_hard_addr_cmd_pads.v                                                       ;
; soc_system/synthesis/submodules/hps_sdram_p0_acv_hard_io_pads.v                                                             ;
; soc_system/synthesis/submodules/hps_sdram_p0_acv_hard_memphy.v                                                              ;
; soc_system/synthesis/submodules/hps_sdram_p0_acv_ldc.v                                                                      ;
; soc_system/synthesis/submodules/hps_sdram_p0_altdqdqs.v                                                                     ;
; soc_system/synthesis/submodules/hps_sdram_p0_clock_pair_generator.v                                                         ;
; soc_system/synthesis/submodules/hps_sdram_p0_generic_ddio.v                                                                 ;
; soc_system/synthesis/submodules/hps_sdram_p0_iss_probe.v                                                                    ;
; soc_system/synthesis/submodules/hps_sdram_p0_parameters.tcl                                                                 ;
; soc_system/synthesis/submodules/hps_sdram_p0_phy_csr.sv                                                                     ;
; soc_system/synthesis/submodules/hps_sdram_p0_pin_assignments.tcl                                                            ;
; soc_system/synthesis/submodules/hps_sdram_p0_pin_map.tcl                                                                    ;
; soc_system/synthesis/submodules/hps_sdram_p0_report_timing.tcl                                                              ;
; soc_system/synthesis/submodules/hps_sdram_p0_report_timing_core.tcl                                                         ;
; soc_system/synthesis/submodules/hps_sdram_p0_reset.v                                                                        ;
; soc_system/synthesis/submodules/hps_sdram_p0_reset_sync.v                                                                   ;
; soc_system/synthesis/submodules/hps_sdram_p0_timing.tcl                                                                     ;
; soc_system/synthesis/submodules/hps_sdram_pll.sv                                                                            ;
; soc_system/synthesis/submodules/interrupt_latency_counter.v                                                                 ;
; soc_system/synthesis/submodules/intr_capturer.v                                                                             ;
; soc_system/synthesis/submodules/irq_detector.v                                                                              ;
; soc_system/synthesis/submodules/modules/alt_vip_common_event_packet_decode/src_hdl/alt_vip_common_event_packet_decode.sv    ;
; soc_system/synthesis/submodules/modules/alt_vip_common_event_packet_encode/src_hdl/alt_vip_common_event_packet_encode.sv    ;
; soc_system/synthesis/submodules/modules/alt_vip_common_fifo/src_hdl/alt_vip_common_fifo.sdc                                 ;
; soc_system/synthesis/submodules/modules/alt_vip_common_fifo/src_hdl/alt_vip_common_fifo.v                                   ;
; soc_system/synthesis/submodules/modules/alt_vip_common_frame_counter/src_hdl/alt_vip_common_frame_counter.v                 ;
; soc_system/synthesis/submodules/modules/alt_vip_common_generic_step_count/src_hdl/alt_vip_common_generic_step_count.v       ;
; soc_system/synthesis/submodules/modules/alt_vip_common_sample_counter/src_hdl/alt_vip_common_sample_counter.v               ;
; soc_system/synthesis/submodules/modules/alt_vip_common_sop_align/src_hdl/alt_vip_common_sop_align.sv                        ;
; soc_system/synthesis/submodules/modules/alt_vip_common_sync/src_hdl/alt_vip_common_sync.v                                   ;
; soc_system/synthesis/submodules/modules/alt_vip_common_sync_generation/src_hdl/alt_vip_common_sync_generation.v             ;
; soc_system/synthesis/submodules/modules/alt_vip_common_to_binary/src_hdl/alt_vip_common_to_binary.v                         ;
; soc_system/synthesis/submodules/modules/alt_vip_common_trigger_sync/src_hdl/alt_vip_common_trigger_sync.v                   ;
; soc_system/synthesis/submodules/modules/alt_vip_common_video_packet_decode/src_hdl/alt_vip_common_latency_1_to_latency_0.sv ;
; soc_system/synthesis/submodules/modules/alt_vip_common_video_packet_decode/src_hdl/alt_vip_common_video_packet_decode.sv    ;
; soc_system/synthesis/submodules/sequencer/alt_types.pre.h                                                                   ;
; soc_system/synthesis/submodules/sequencer/emif.pre.xml                                                                      ;
; soc_system/synthesis/submodules/sequencer/sdram_io.pre.h                                                                    ;
; soc_system/synthesis/submodules/sequencer/sequencer.pre.c                                                                   ;
; soc_system/synthesis/submodules/sequencer/sequencer.pre.h                                                                   ;
; soc_system/synthesis/submodules/sequencer/sequencer_auto.pre.h                                                              ;
; soc_system/synthesis/submodules/sequencer/sequencer_auto_ac_init.pre.c                                                      ;
; soc_system/synthesis/submodules/sequencer/sequencer_auto_inst_init.pre.c                                                    ;
; soc_system/synthesis/submodules/sequencer/sequencer_defines.pre.h                                                           ;
; soc_system/synthesis/submodules/sequencer/system.pre.h                                                                      ;
; soc_system/synthesis/submodules/sequencer/tclrpt.pre.c                                                                      ;
; soc_system/synthesis/submodules/sequencer/tclrpt.pre.h                                                                      ;
; soc_system/synthesis/submodules/soc_system_alt_vip_cl_cvo_0.v                                                               ;
; soc_system/synthesis/submodules/soc_system_alt_vip_cl_cvo_0_video_in.v                                                      ;
; soc_system/synthesis/submodules/soc_system_f2sdram_only_master.v                                                            ;
; soc_system/synthesis/submodules/soc_system_f2sdram_only_master_b2p_adapter.sv                                               ;
; soc_system/synthesis/submodules/soc_system_f2sdram_only_master_p2b_adapter.sv                                               ;
; soc_system/synthesis/submodules/soc_system_f2sdram_only_master_timing_adt.sv                                                ;
; soc_system/synthesis/submodules/soc_system_hps_0.v                                                                          ;
; soc_system/synthesis/submodules/soc_system_hps_0_fpga_interfaces.sdc                                                        ;
; soc_system/synthesis/submodules/soc_system_hps_0_fpga_interfaces.sv                                                         ;
; soc_system/synthesis/submodules/soc_system_hps_0_hps_io.v                                                                   ;
; soc_system/synthesis/submodules/soc_system_hps_0_hps_io_border.sdc                                                          ;
; soc_system/synthesis/submodules/soc_system_hps_0_hps_io_border.sv                                                           ;
; soc_system/synthesis/submodules/soc_system_irq_mapper.sv                                                                    ;
; soc_system/synthesis/submodules/soc_system_irq_mapper_001.sv                                                                ;
; soc_system/synthesis/submodules/soc_system_irq_mapper_002.sv                                                                ;
; soc_system/synthesis/submodules/soc_system_jtag_uart.v                                                                      ;
; soc_system/synthesis/submodules/soc_system_led_pio.v                                                                        ;
; soc_system/synthesis/submodules/soc_system_mm_interconnect_0.v                                                              ;
; soc_system/synthesis/submodules/soc_system_mm_interconnect_0_avalon_st_adapter.v                                            ;
; soc_system/synthesis/submodules/soc_system_mm_interconnect_0_avalon_st_adapter_error_adapter_0.sv                           ;
; soc_system/synthesis/submodules/soc_system_mm_interconnect_0_cmd_demux.sv                                                   ;
; soc_system/synthesis/submodules/soc_system_mm_interconnect_0_cmd_demux_001.sv                                               ;
; soc_system/synthesis/submodules/soc_system_mm_interconnect_0_cmd_mux.sv                                                     ;
; soc_system/synthesis/submodules/soc_system_mm_interconnect_0_router.sv                                                      ;
; soc_system/synthesis/submodules/soc_system_mm_interconnect_0_router_001.sv                                                  ;
; soc_system/synthesis/submodules/soc_system_mm_interconnect_0_router_002.sv                                                  ;
; soc_system/synthesis/submodules/soc_system_mm_interconnect_0_rsp_demux.sv                                                   ;
; soc_system/synthesis/submodules/soc_system_mm_interconnect_0_rsp_mux.sv                                                     ;
; soc_system/synthesis/submodules/soc_system_mm_interconnect_1.v                                                              ;
; soc_system/synthesis/submodules/soc_system_mm_interconnect_1_avalon_st_adapter.v                                            ;
; soc_system/synthesis/submodules/soc_system_mm_interconnect_1_avalon_st_adapter_error_adapter_0.sv                           ;
; soc_system/synthesis/submodules/soc_system_mm_interconnect_1_cmd_demux.sv                                                   ;
; soc_system/synthesis/submodules/soc_system_mm_interconnect_1_cmd_mux.sv                                                     ;
; soc_system/synthesis/submodules/soc_system_mm_interconnect_1_router.sv                                                      ;
; soc_system/synthesis/submodules/soc_system_mm_interconnect_1_router_002.sv                                                  ;
; soc_system/synthesis/submodules/soc_system_mm_interconnect_1_rsp_demux.sv                                                   ;
; soc_system/synthesis/submodules/soc_system_mm_interconnect_1_rsp_mux.sv                                                     ;
; soc_system/synthesis/submodules/soc_system_mm_interconnect_2.v                                                              ;
; soc_system/synthesis/submodules/soc_system_mm_interconnect_2_avalon_st_adapter_005.v                                        ;
; soc_system/synthesis/submodules/soc_system_mm_interconnect_2_avalon_st_adapter_005_error_adapter_0.sv                       ;
; soc_system/synthesis/submodules/soc_system_mm_interconnect_2_cmd_demux.sv                                                   ;
; soc_system/synthesis/submodules/soc_system_mm_interconnect_2_cmd_demux_001.sv                                               ;
; soc_system/synthesis/submodules/soc_system_mm_interconnect_2_cmd_mux.sv                                                     ;
; soc_system/synthesis/submodules/soc_system_mm_interconnect_2_cmd_mux_001.sv                                                 ;
; soc_system/synthesis/submodules/soc_system_mm_interconnect_2_router.sv                                                      ;
; soc_system/synthesis/submodules/soc_system_mm_interconnect_2_router_001.sv                                                  ;
; soc_system/synthesis/submodules/soc_system_mm_interconnect_2_router_002.sv                                                  ;
; soc_system/synthesis/submodules/soc_system_mm_interconnect_2_router_003.sv                                                  ;
; soc_system/synthesis/submodules/soc_system_mm_interconnect_2_router_007.sv                                                  ;
; soc_system/synthesis/submodules/soc_system_mm_interconnect_2_rsp_demux.sv                                                   ;
; soc_system/synthesis/submodules/soc_system_mm_interconnect_2_rsp_demux_001.sv                                               ;
; soc_system/synthesis/submodules/soc_system_mm_interconnect_2_rsp_mux.sv                                                     ;
; soc_system/synthesis/submodules/soc_system_mm_interconnect_2_rsp_mux_001.sv                                                 ;
; soc_system/synthesis/submodules/soc_system_mm_interconnect_3.v                                                              ;
; soc_system/synthesis/submodules/soc_system_mm_interconnect_3_cmd_demux.sv                                                   ;
; soc_system/synthesis/submodules/soc_system_mm_interconnect_3_cmd_mux.sv                                                     ;
; soc_system/synthesis/submodules/soc_system_mm_interconnect_3_router.sv                                                      ;
; soc_system/synthesis/submodules/soc_system_mm_interconnect_3_router_001.sv                                                  ;
; soc_system/synthesis/submodules/soc_system_mm_interconnect_3_rsp_demux.sv                                                   ;
; soc_system/synthesis/submodules/soc_system_mm_interconnect_3_rsp_mux.sv                                                     ;
; soc_system/synthesis/submodules/soc_system_onchip_ram.hex                                                                   ;
; soc_system/synthesis/submodules/soc_system_onchip_ram.v                                                                     ;
; soc_system/synthesis/submodules/soc_system_sysid_qsys.v                                                                     ;
; soc_system/synthesis/submodules/soc_system_video_pll.qip                                                                    ;
; soc_system/synthesis/submodules/soc_system_video_pll.v                                                                      ;
; soc_system/synthesis/submodules/src_hdl/alt_vip_cvo_calculate_mode.v                                                        ;
; soc_system/synthesis/submodules/src_hdl/alt_vip_cvo_core.ocp                                                                ;
; soc_system/synthesis/submodules/src_hdl/alt_vip_cvo_core.sv                                                                 ;
; soc_system/synthesis/submodules/src_hdl/alt_vip_cvo_mode_banks.sv                                                           ;
; soc_system/synthesis/submodules/src_hdl/alt_vip_cvo_scheduler.ocp                                                           ;
; soc_system/synthesis/submodules/src_hdl/alt_vip_cvo_scheduler.sv                                                            ;
; soc_system/synthesis/submodules/src_hdl/alt_vip_cvo_statemachine.sv                                                         ;
; soc_system/synthesis/submodules/src_hdl/alt_vip_cvo_stream_marker.sv                                                        ;
; soc_system/synthesis/submodules/src_hdl/alt_vip_cvo_sync_compare.v                                                          ;
; soc_system/synthesis/submodules/src_hdl/alt_vip_cvo_sync_conditioner.sv                                                     ;
; soc_system/synthesis/submodules/src_hdl/alt_vip_cvo_sync_generation.sv                                                      ;
; soc_system/synthesis/submodules/src_hdl/alt_vip_pip_sop_realign.sv                                                          ;
; soc_system/synthesis/submodules/src_hdl/alt_vip_video_input_bridge_cmd.sv                                                   ;
; soc_system/synthesis/submodules/src_hdl/alt_vip_video_input_bridge_resp.sv                                                  ;
; soc_system/synthesis/submodules/state_machine_counter.v                                                                     ;
; soc_system_timing.sdc                                                                                                       ;
+-----------------------------------------------------------------------------------------------------------------------------+


